C:/Users/Mark/AppData/Local/Temp/zcc00002A2CF6592.asm:
     1                          MODULE main_c
     2                          LINE 0, "main.c"
main.c:
                                
     1                          ;* * * * *  Small-C/Plus z88dk * * * * *
     2                          ;  Version: 22110-51889e5300-20231220
     3                          ;
     4                          ;	Reconstructed for z80 Module Assembler
     5                          ;
     6                          ;	Module compile time: Mon Mar 24 01:06:17 2025
     7                          
     8                          
     9                          	C_LINE	0,"main.c"
                                
                                	MODULE	main_c
                                
                                
                                	INCLUDE "z80_crt0.hdr"
C:/z88dk/lib/config/../../lib/z80_crt0.hdr:
     1                          ;
     2                          ;	Header file which contains all required variables from the
     3                          ;	startup that need to be exposed to individual C files
     4                          ;
     5                          ;	Stick in this file any routines which are needed or implicitly
     6                          ;	implied by sccz80.
     7                          ;
     8                          ;	This file is included by every module
     9                          ;	To handle multi module programs which use floating point
    10                          ;	routines in different modules, we have got rid of
    11                          ;	the conditional assembly around the float routines
    12                          
    13                          
    14                          	EXTERN	base_graphics	; Address of graphics screen
    15                          
    16                          	EXTERN	_cpfar2near	; Far->near conversion (z88)
    17                          	EXTERN	packintrout	; Process interrupt (z88 apps)
    18                          
    19                          	EXTERN	l_dcal		; jp(hl)
    20                          	EXTERN	cleanup		; cleanup before program exit
    21                          
    22                          	EXTERN	l_jphl		; another jp(hl)
    23                          	EXTERN	l_jpix		; jp(ix)
    24                          	EXTERN	l_jpiy		; jp(iy)
    25                          
    26                          	EXTERN	l_setix		; set non-z80 jp(ix) smc
    27                          	EXTERN	l_setiy		; set non-z80 jp(iy) smc
    28                          
    29                          	EXTERN	l_ldi
    30                          	EXTERN	l_ldi_128
    31                          	EXTERN	l_ldi_256
    32                          
    33                          	EXTERN	l_outi
    34                          	EXTERN	l_outi_128
    35                          	EXTERN	l_outi_256
    36                          
    37                          	EXTERN	l_ini
    38                          	EXTERN	l_ini_128
    39                          	EXTERN	l_ini_256
    40                          	EXTERN	l_ini_512
    41                          
    42                          	; Used for banked calls for __banked for sccz80 + sdcc
    43                          	EXTERN	banked_call
    44                          
    45                          ;------------------------------------
    46                          ; Scopes for integer library routines
    47                          ;------------------------------------
    48                          
    49                          	EXTERN	l_getptr	;Get 3 byte pointer
    50                          	EXTERN	l_putptr	;Put 3 byte pointer
    51                          	EXTERN	l_gchar		;Get signed char
    52                          	EXTERN	l_gchar1
    53                          	EXTERN	l_gchar2
    54                          	EXTERN	l_gchar3
    55                          	EXTERN	l_gchar4
    56                          	EXTERN	l_gchar5
    57                          	EXTERN	l_gchar6
    58                          	EXTERN	l_gchar7
    59                          	EXTERN	l_gchar8
    60                          	EXTERN	l_gcharsp	;Get signed char  (peephole opt)
    61                          	EXTERN	l_gcharspsp	;Get signed char and push  (peephole opt)
    62                          	EXTERN	l_g2charspsp	;Get 2 signed char and push  (peephole opt)
    63                          	EXTERN	l_sxt		;Sign extend char
    64                          	EXTERN	l_gint		;Get int ld hl,(hl)
    65                          	EXTERN	l_gint1sp	;Optimized variants ld hl,x add hl,sp ld hl,(hl)
    66                          	EXTERN	l_gint2sp
    67                          	EXTERN	l_gint3sp
    68                          	EXTERN	l_gint4sp
    69                          	EXTERN	l_gint5sp
    70                          	EXTERN	l_gint6sp
    71                          	EXTERN	l_gint7sp
    72                          	EXTERN	l_gint8sp
    73                          	EXTERN	l_gint1		;Optimized variants inc hl,x ld hl,(hl)
    74                          	EXTERN	l_gint2
    75                          	EXTERN	l_gint3
    76                          	EXTERN	l_gint4
    77                          	EXTERN	l_gint5
    78                          	EXTERN	l_gint6
    79                          	EXTERN	l_gint7
    80                          	EXTERN	l_gint8
    81                          	EXTERN	l_gintsp	;Get int (peephole opt)
    82                          	EXTERN	l_gintspchar	;Get int,char (peephole opt)
    83                          	EXTERN	l_gintspsp	;Get int and push (peephole opt)
    84                          	EXTERN	l_g2intspsp	;Get 2 int and push (peephole opt)
    85                          	EXTERN	l_gintsp2de	;Get int, multiply by 2 and add from SP by de
    86                          	EXTERN	l_gint7de	;Get int, multiply by 7 and add from SP by de
    87                          	EXTERN	l_gint_eq	;Get int and test == 0
    88                          	EXTERN	l_ghtonsint	;Get reverse order int
    89                          	EXTERN	l_pint		;Put int: ld (de),hl
    90                          	EXTERN	l_pint_eq	;Put int and test == 0
    91                          	EXTERN	l_pint_pop	;Put int and pop place address
    92                          	EXTERN	l_or		;Int logical or
    93                          	EXTERN	l_xor		;Int logical xor
    94                          	EXTERN	l_and		;Int logical and
    95                          	EXTERN	l_eq		;Int equality
    96                          	EXTERN	l_ne		;Int inequality
    97                          	EXTERN	l_gt		;Int signed de >  hl
    98                          	EXTERN	l_le		;Int signed de <= hl
    99                          	EXTERN	l_ge		;Int signed de >= hl
   100                          	EXTERN	l_lt		;Int signed de <  hl
   101                          	EXTERN	l_uge		;Int unsigned de >= hl
   102                          	EXTERN	l_ult		;Int unsigned de <  hl
   103                          	EXTERN	l_ugt		;Int unsigned de >  hl
   104                          	EXTERN	l_ule		;Int unsigned de <= hl
   105                          	EXTERN	l_cmp		;Int signed compare
   106                          	EXTERN	l_ucmp		;Int unsigned compare
   107                          	EXTERN	l_asr		;Int signed de >> hl
   108                          	EXTERN	l_asr_hl_by_e	;Int signed hl >> e
   109                          	EXTERN	l_asr_u		;Int unsigned de >> hl
   110                          	EXTERN	l_asr_u_hl_by_e	;Int unsigned hl >> e
   111                          	EXTERN	l_asl		;Int de << hl
   112                          	EXTERN	l_sub		;Int subtract hl = de - hl
   113                          	EXTERN	l_neg		;Int negate
   114                          	EXTERN	l_com		;Int ~
   115                          	EXTERN	l_lneg		;Int logical negate
   116                          	EXTERN	l_bool		;Int boolean test
   117                          	EXTERN	l_cm_de
   118                          	EXTERN	l_cm_bc
   119                          	EXTERN	l_deneg
   120                          	EXTERN	l_bcneg
   121                          	EXTERN	l_case		;Integer case
   122                          	EXTERN	l_mult		;Integer hl = hl * de
   123                          	EXTERN	l_mult_u	;Integer unsigned *
   124                          	EXTERN	l_div		;Integer signed / hl=de/hl, de=de%hl
   125                          	EXTERN	l_div_u		;Integer unsigned /
   126                          	EXTERN	l_mod		;Integer % (for gbz80) hl=de%hl
   127                          	EXTERN	l_mod_u		;Integer unsigned % (for gbz80)
   128                          
   129                          ;------------------
   130                          ;Long functions now
   131                          ;------------------
   132                          
   133                          	EXTERN	lpush2		;Push a long under the stack
   134                          	EXTERN	l_int2long_s	;Int->long signed conversion
   135                          	EXTERN	l_int2long_s_float	;Int->long->float signed conversion (optimizer: use -O3)
   136                          	EXTERN	l_int2long_u_float	;uInt->ulong->float signed conversion
   137                          	EXTERN	l_glong		;Get long
   138                          	EXTERN	l_glongsp	;Get long (peephole opt)
   139                          	EXTERN	l_glonghlp	;Get pointer, then get long
   140                          	EXTERN	l_glong2sp	;Get long and copy on stack (peephole opt)
   141                          	EXTERN	l_glong2sp_hlp
   142                          	EXTERN	l_long_add
   143                          	EXTERN	l_long_and
   144                          	EXTERN	l_long_asl
   145                          	EXTERN	l_long_asr
   146                          	EXTERN	l_long_aslo	;Long << shift in c
   147                          	EXTERN	l_long_asro	;Long >> shift in c (signed)
   148                          	EXTERN	l_long_bool
   149                          	EXTERN	l_long_cmp
   150                          	EXTERN	l_long_com
   151                          	EXTERN	l_long_eq
   152                          	EXTERN	l_long_ge
   153                          	EXTERN	l_long_gt
   154                          	EXTERN	l_long_le
   155                          	EXTERN	l_long_lneg
   156                          	EXTERN	l_long_lt
   157                          	EXTERN	l_long_ne
   158                          	EXTERN	l_long_neg
   159                          	EXTERN	l_long_or
   160                          	EXTERN	l_long_sub
   161                          	EXTERN	l_long_ucmp
   162                          	EXTERN	l_long_uge
   163                          	EXTERN	l_long_ugt
   164                          	EXTERN	l_long_ule
   165                          	EXTERN	l_long_ult
   166                          	EXTERN	l_long_xor
   167                          	EXTERN	l_plong
   168                          	EXTERN	l_inclong	;Increment long
   169                          	EXTERN	l_declong	;Decrement long
   170                          	EXTERN	l_long_div
   171                          	EXTERN	l_long_div_u
   172                          	EXTERN	l_long_mod
   173                          	EXTERN	l_long_mod_u
   174                          	EXTERN	l_long_mult
   175                          	EXTERN	l_long_mult_u
   176                          	EXTERN	l_long_asr_u	;Long unsigned >>
   177                          	EXTERN	l_long_asr_uo	;Long unsigned >> shift in c
   178                          	EXTERN	l_long_case
   179                          
   180                          ;--------------------------------------------------------------
   181                          ; Floating point support routines, mostly in library
   182                          ;--------------------------------------------------------------
   183                          
   184                          	EXTERN	dadd
   185                          	EXTERN	ddiv
   186                          	EXTERN	dsub
   187                          	EXTERN	dmul
   188                          
   189                          	EXTERN	dge
   190                          	EXTERN	dgt
   191                          	EXTERN	dleq
   192                          	EXTERN	dlt
   193                          	EXTERN	deq
   194                          	EXTERN	dne
   195                          
   196                          	EXTERN	minusfa		;FA=-FA
   197                          
   198                          	EXTERN	dswap		;Exchange FA with top of stack
   199                          	EXTERN	float		;Convert int to float
   200                          	EXTERN	ufloat		;unsigned int to float
   201                          	EXTERN	ifix		;Convert float to int
   202                          
   203                          	EXTERN	dstore		;FA->(de)
   204                          	EXTERN	dload		;FA<-(hl)
   205                          	EXTERN	dldpsh		;(hl)->(stack)
   206                          	EXTERN	dpush		;FA->(stack)
   207                          	EXTERN	dpush2		;FA->(stack under)
   208                          	EXTERN	dpush3		;FA->(stack under,long)
   209                          
   210                          	EXTERN	fa		;may not be needed in this file
   211                          	EXTERN	extra		;ditto
   212                          	EXTERN	__atof2		;string->fa conversion
   213                          	EXTERN	l_f48_ldexp	;FA * pow2(N)
   214                          	EXTERN	l_f48_f16tof	;Convert _Float16 to float
   215                          	EXTERN	l_f48_ftof16	;Convert float to _Float16
   216                          
   217                          	; 16 bit float ABI
   218                          	EXTERN	l_f16_add
   219                          	EXTERN	l_f16_sub
   220                          	EXTERN	l_f16_mul
   221                          	EXTERN	l_f16_div
   222                          	EXTERN	l_f16_le
   223                          	EXTERN	l_f16_lt
   224                          	EXTERN	l_f16_ge
   225                          	EXTERN	l_f16_gt
   226                          	EXTERN	l_f16_eq
   227                          	EXTERN	l_f16_ne
   228                          	EXTERN	l_f16_swap
   229                          	EXTERN	l_f16_schar2f
   230                          	EXTERN	l_f16_uchar2f
   231                          	EXTERN	l_f16_sint2f
   232                          	EXTERN	l_f16_uint2f
   233                          	EXTERN	l_f16_slong2f
   234                          	EXTERN	l_f16_ulong2f
   235                          	EXTERN	l_f16_f2sint
   236                          	EXTERN	l_f16_f2uint
   237                          	EXTERN	l_f16_f2slong
   238                          	EXTERN	l_f16_f2ulong
   239                          	EXTERN	l_f16_ldexp
   240                          	EXTERN	l_f16_invf	;Only for ieee16
   241                          	EXTERN	l_f16_f16tof	;A noop
   242                          	EXTERN	l_f16_ftof16	;A noop
   243                          
   244                          	; 32 bit float ABI
   245                          	EXTERN	l_f32_add
   246                          	EXTERN	l_f32_sub
   247                          	EXTERN	l_f32_mul
   248                          	EXTERN	l_f32_div
   249                          	EXTERN	l_f32_le
   250                          	EXTERN	l_f32_lt
   251                          	EXTERN	l_f32_ge
   252                          	EXTERN	l_f32_gt
   253                          	EXTERN	l_f32_eq
   254                          	EXTERN	l_f32_ne
   255                          	EXTERN	l_f32_swap
   256                          	EXTERN	l_f32_negate
   257                          	EXTERN	l_f32_schar2f
   258                          	EXTERN	l_f32_uchar2f
   259                          	EXTERN	l_f32_sint2f
   260                          	EXTERN	l_f32_uint2f
   261                          	EXTERN	l_f32_slong2f
   262                          	EXTERN	l_f32_ulong2f
   263                          	EXTERN	l_f32_f2sint
   264                          	EXTERN	l_f32_f2uint
   265                          	EXTERN	l_f32_f2slong
   266                          	EXTERN	l_f32_f2ulong
   267                          	EXTERN	l_f32_ldexp
   268                          	EXTERN	l_f32_invf	;Only for math32
   269                          	EXTERN	l_f32_f16tof	;Convert _Float16 to float
   270                          	EXTERN	l_f32_ftof16	;Convert float to _Float16
   271                          
   272                          	; 64 bit float ABI
   273                          	EXTERN	l_f64_load
   274                          	EXTERN	l_f64_add
   275                          	EXTERN	l_f64_sub
   276                          	EXTERN	l_f64_mul
   277                          	EXTERN	l_f64_div
   278                          	EXTERN	l_f64_le
   279                          	EXTERN	l_f64_lt
   280                          	EXTERN	l_f64_ge
   281                          	EXTERN	l_f64_gt
   282                          	EXTERN	l_f64_eq
   283                          	EXTERN	l_f64_ne
   284                          	EXTERN	l_f64_negate
   285                          	EXTERN	l_f64_swap
   286                          	EXTERN	l_f64_store
   287                          	EXTERN	l_f64_dpush
   288                          	EXTERN	l_f64_dldpsh
   289                          	EXTERN	l_f64_dpush2
   290                          	EXTERN	l_f64_dpush3
   291                          	EXTERN	l_f64_schar2f
   292                          	EXTERN	l_f64_uchar2f
   293                          	EXTERN	l_f64_sint2f
   294                          	EXTERN	l_f64_uint2f
   295                          	EXTERN	l_f64_slong2f
   296                          	EXTERN	l_f64_ulong2f
   297                          	EXTERN	l_f64_f2sint
   298                          	EXTERN	l_f64_f2uint
   299                          	EXTERN	l_f64_f2slong
   300                          	EXTERN	l_f64_f2ulong
   301                          	EXTERN	l_f64_ldexp
   302                          	EXTERN	l_f64_f16tof	;Convert _Float16 to float
   303                          	EXTERN	l_f64_ftof16	;Convert float to _Float16
   304                          
   305                          
   306                          ;--------------------------------------------------
   307                          ; Routines for picking up variables from far memory
   308                          ;--------------------------------------------------
   309                          
   310                          	EXTERN	lp_gchar
   311                          	EXTERN	lp_gdoub
   312                          	EXTERN	lp_gint
   313                          	EXTERN	lp_glong
   314                          	EXTERN	lp_gptr
   315                          	EXTERN	lp_pchar
   316                          	EXTERN	lp_pdoub
   317                          	EXTERN	lp_pint
   318                          	EXTERN	lp_plong
   319                          	EXTERN	lp_pptr
   320                          
   321                          	EXTERN	l_farcall	; Long call
   322                          
   323                          ;--------------------------------------------------
   324                          ; Routines for handling 16 bit fixed point for sccz80
   325                          ;--------------------------------------------------
   326                          
   327                          	EXTERN	l_f16_fix16tof
   328                          	EXTERN	l_f16_ftofix16
   329                          	EXTERN	l_f32_fix16tof
   330                          	EXTERN	l_f32_ftofix16
   331                          	EXTERN	l_f48_fix16tof
   332                          	EXTERN	l_f48_ftofix16
   333                          	EXTERN	l_f64_fix16tof
   334                          	EXTERN	l_f64_ftofix16
   335                          	EXTERN	l_fix16_divu
   336                          	EXTERN	l_fix16_divs
   337                          	EXTERN	l_fix16_f2sint
   338                          	EXTERN	l_fix16_f2slond
   339                          	EXTERN	l_fix16_f2uint
   340                          	EXTERN	l_fix16_f2ulond
   341                                  EXTERN  l_fix16_uint2f
   342                                  EXTERN  l_fix16_ulong2f
   343                                  EXTERN  l_fix16_sint2f
   344                                  EXTERN  l_fix16_slong2f
   345                          	EXTERN	l_fix16_inv
   346                          	EXTERN	l_fix16_mul
   347                          	EXTERN	l_fix16_mulu
   348                          	EXTERN	l_fix16_muls
   349                          	EXTERN	l_fix16_negate
   350                          
   351                          ;--------------------------------------------------
   352                          ; Routines for handling 64 bit integers for sccz80
   353                          ;--------------------------------------------------
   354                          
   355                          	EXTERN	__i64_acc
   356                          	EXTERN	l_i64_load
   357                          	EXTERN	l_i64_store
   358                          	EXTERN	l_i64_push
   359                          	EXTERN	l_i64_add
   360                          	EXTERN	l_i64_sub
   361                          	EXTERN	l_i64_mult
   362                          	EXTERN	l_i64_mult_u
   363                          	EXTERN	l_i64_mod
   364                          	EXTERN	l_i64_mod_u
   365                          	EXTERN	l_i64_div
   366                          	EXTERN	l_i64_div_u
   367                          	EXTERN	l_i64_or
   368                          	EXTERN	l_i64_xor
   369                          	EXTERN	l_i64_and
   370                          	EXTERN	l_i64_asr_u
   371                          	EXTERN	l_i64_asr_uo
   372                          	EXTERN	l_i64_asr
   373                          	EXTERN	l_i64_asro
   374                          	EXTERN	l_i64_asl
   375                          	EXTERN	l_i64_aslo
   376                          	EXTERN	l_i64_inc
   377                          	EXTERN	l_i64_dec
   378                          	EXTERN	l_i64_eq0
   379                          	EXTERN	l_i64_eq
   380                          	EXTERN	l_i64_ne
   381                          	EXTERN	l_i64_ge
   382                          	EXTERN	l_i64_gt
   383                          	EXTERN	l_i64_uge
   384                          	EXTERN	l_i64_ugt
   385                          	EXTERN	l_i64_le
   386                          	EXTERN	l_i64_lt
   387                          	EXTERN	l_i64_ule
   388                          	EXTERN	l_i64_ult
   389                          	EXTERN	l_i64_lneg
   390                          	EXTERN	l_i64_neg
   391                          	EXTERN	l_i64_com
   392                          	EXTERN	l_i64_case
   393                          	EXTERN	l_i64_push_under_int
   394                          	EXTERN	l_i64_push_under_int_mhl
   395                          	EXTERN	l_i64_copy
   396                          	EXTERN	l_i64_slong2i64
   397                          	EXTERN	l_i64_ulong2i64
   398                          	EXTERN	l_i64_sint2i64
   399                          	EXTERN	l_i64_uint2i64
   400                          	EXTERN	l_i64_u64_toi32
   401                          
   402                          
   403                          ;-------------------
   404                          ; Routines for SDCC
   405                          ;-------------------
   406                          
   407                          	EXTERN	__divsint_rrx_s
   408                          	EXTERN	__divsint_rrx_hds
   409                          	EXTERN	__divuint_rrx_s
   410                          	EXTERN	__divuint_rrx_hds
   411                          	EXTERN	__divsuchar_rrx_s
   412                          	EXTERN	__divuschar_rrx_s
   413                          	EXTERN	__divuchar_rrx_s
   414                          	EXTERN	__divuchar_rrx_hds
   415                          	EXTERN	__moduchar_rrx_s
   416                          	EXTERN	__moduchar_rrx_hds
   417                          	EXTERN	__moduschar_rrx_s
   418                          	EXTERN	__modsuchar_rrx_s
   419                          	EXTERN	__modschar_rrx_s
   420                          	EXTERN	__modschar_rrx_hds
   421                          	EXTERN	__modsint_rrx_s
   422                          	EXTERN	__modsint_rrx_hds
   423                          	EXTERN	__moduint_rrx_s
   424                          	EXTERN	__moduint_rrx_hds
   425                          	EXTERN	__get_remainder
   426                          	EXTERN	__divunsigned
   427                          	EXTERN	__div_signexte
   428                          	EXTERN	__divu16
   429                          	EXTERN	__div16
   430                          	EXTERN	__div8
   431                          	EXTERN	__muluchar_rrx_s
   432                          	EXTERN	__muluchar_rrx_hds
   433                          	EXTERN	__mulsuchar_rrx_s
   434                          	EXTERN	__muluschar_rrx_s
   435                          	EXTERN	__mulschar_rrx_s
   436                          	EXTERN	__mulschar_rrx_hds
   437                          	EXTERN	__mulint_rrx_s
   438                          	EXTERN	__mulint_rrx_hds
   439                          	EXTERN	__mul16
   440                          	EXTERN	__rrulong_rrx_s
   441                          	EXTERN	__rrslong_rrx_s
   442                          	EXTERN	__rlslong_rrx_s
   443                          	EXTERN	__rlulong_rrx_s
   444                          	EXTERN	__muluchar
   445                          	EXTERN	__mulschar
   446                          
   447                          	EXTERN	l_push_di
   448                          	EXTERN	l_pop_ei
   449                          
   450                          	EXTERN	l_debug_push_frame
   451                          	EXTERN	l_debug_pop_frame
   452                          
main.c:
                                
                                
                                	C_LINE	0,"C:\z88dk\lib\config\\..\..\/include/stdio.h"
C:\z88dk\lib\config\\..\..\/include/stdio.h:
                                	C_LINE	0,"C:\z88dk\lib\config\\..\..\/include/sys/compiler.h"
C:\z88dk\lib\config\\..\..\/include/sys/compiler.h:
                                	C_LINE	0,"C:\z88dk\lib\config\\..\..\/include/sys/proto.h"
C:\z88dk\lib\config\\..\..\/include/sys/proto.h:
                                	C_LINE	6,"C:\z88dk\lib\config\\..\..\/include/sys/compiler.h"
C:\z88dk\lib\config\\..\..\/include/sys/compiler.h:
     6                          	C_LINE	4,"C:\z88dk\lib\config\\..\..\/include/stdio.h"
C:\z88dk\lib\config\\..\..\/include/stdio.h:
     4                          	C_LINE	0,"C:\z88dk\lib\config\\..\..\/include/stdint.h"
C:\z88dk\lib\config\\..\..\/include/stdint.h:
                                	C_LINE	0,"C:\z88dk\lib\config\\..\..\/include/sys/types.h"
C:\z88dk\lib\config\\..\..\/include/sys/types.h:
                                	C_LINE	17,"C:\z88dk\lib\config\\..\..\/include/sys/types.h"
    17                          	C_LINE	26,"C:\z88dk\lib\config\\..\..\/include/sys/types.h"
    26                          	C_LINE	38,"C:\z88dk\lib\config\\..\..\/include/sys/types.h"
    38                          	C_LINE	44,"C:\z88dk\lib\config\\..\..\/include/sys/types.h"
    44                          	C_LINE	49,"C:\z88dk\lib\config\\..\..\/include/sys/types.h"
    49                          	C_LINE	54,"C:\z88dk\lib\config\\..\..\/include/sys/types.h"
    54                          	C_LINE	59,"C:\z88dk\lib\config\\..\..\/include/sys/types.h"
    59                          	C_LINE	64,"C:\z88dk\lib\config\\..\..\/include/sys/types.h"
    64                          	C_LINE	69,"C:\z88dk\lib\config\\..\..\/include/sys/types.h"
    69                          	C_LINE	74,"C:\z88dk\lib\config\\..\..\/include/sys/types.h"
    74                          	C_LINE	79,"C:\z88dk\lib\config\\..\..\/include/sys/types.h"
    79                          	C_LINE	84,"C:\z88dk\lib\config\\..\..\/include/sys/types.h"
    84                          	C_LINE	89,"C:\z88dk\lib\config\\..\..\/include/sys/types.h"
    89                          	C_LINE	93,"C:\z88dk\lib\config\\..\..\/include/sys/types.h"
    93                          	C_LINE	94,"C:\z88dk\lib\config\\..\..\/include/sys/types.h"
    94                          	C_LINE	95,"C:\z88dk\lib\config\\..\..\/include/sys/types.h"
    95                          	C_LINE	97,"C:\z88dk\lib\config\\..\..\/include/sys/types.h"
    97                          	C_LINE	98,"C:\z88dk\lib\config\\..\..\/include/sys/types.h"
    98                          	C_LINE	99,"C:\z88dk\lib\config\\..\..\/include/sys/types.h"
    99                          	C_LINE	105,"C:\z88dk\lib\config\\..\..\/include/sys/types.h"
   105                          	C_LINE	110,"C:\z88dk\lib\config\\..\..\/include/sys/types.h"
   110                          	C_LINE	11,"C:\z88dk\lib\config\\..\..\/include/stdint.h"
C:\z88dk\lib\config\\..\..\/include/stdint.h:
    11                          	C_LINE	13,"C:\z88dk\lib\config\\..\..\/include/stdint.h"
    13                          	C_LINE	14,"C:\z88dk\lib\config\\..\..\/include/stdint.h"
    14                          	C_LINE	15,"C:\z88dk\lib\config\\..\..\/include/stdint.h"
    15                          	C_LINE	17,"C:\z88dk\lib\config\\..\..\/include/stdint.h"
    17                          	C_LINE	18,"C:\z88dk\lib\config\\..\..\/include/stdint.h"
    18                          	C_LINE	19,"C:\z88dk\lib\config\\..\..\/include/stdint.h"
    19                          	C_LINE	21,"C:\z88dk\lib\config\\..\..\/include/stdint.h"
    21                          	C_LINE	22,"C:\z88dk\lib\config\\..\..\/include/stdint.h"
    22                          	C_LINE	23,"C:\z88dk\lib\config\\..\..\/include/stdint.h"
    23                          	C_LINE	25,"C:\z88dk\lib\config\\..\..\/include/stdint.h"
    25                          	C_LINE	26,"C:\z88dk\lib\config\\..\..\/include/stdint.h"
    26                          	C_LINE	27,"C:\z88dk\lib\config\\..\..\/include/stdint.h"
    27                          	C_LINE	29,"C:\z88dk\lib\config\\..\..\/include/stdint.h"
    29                          	C_LINE	30,"C:\z88dk\lib\config\\..\..\/include/stdint.h"
    30                          	C_LINE	31,"C:\z88dk\lib\config\\..\..\/include/stdint.h"
    31                          	C_LINE	33,"C:\z88dk\lib\config\\..\..\/include/stdint.h"
    33                          	C_LINE	34,"C:\z88dk\lib\config\\..\..\/include/stdint.h"
    34                          	C_LINE	35,"C:\z88dk\lib\config\\..\..\/include/stdint.h"
    35                          	C_LINE	37,"C:\z88dk\lib\config\\..\..\/include/stdint.h"
    37                          	C_LINE	38,"C:\z88dk\lib\config\\..\..\/include/stdint.h"
    38                          	C_LINE	40,"C:\z88dk\lib\config\\..\..\/include/stdint.h"
    40                          	C_LINE	41,"C:\z88dk\lib\config\\..\..\/include/stdint.h"
    41                          	C_LINE	43,"C:\z88dk\lib\config\\..\..\/include/stdint.h"
    43                          	C_LINE	44,"C:\z88dk\lib\config\\..\..\/include/stdint.h"
    44                          	C_LINE	49,"C:\z88dk\lib\config\\..\..\/include/stdint.h"
    49                          	C_LINE	52,"C:\z88dk\lib\config\\..\..\/include/stdint.h"
    52                          	C_LINE	54,"C:\z88dk\lib\config\\..\..\/include/stdint.h"
    54                          	C_LINE	55,"C:\z88dk\lib\config\\..\..\/include/stdint.h"
    55                          	C_LINE	5,"C:\z88dk\lib\config\\..\..\/include/stdio.h"
C:\z88dk\lib\config\\..\..\/include/stdio.h:
     5                          	C_LINE	0,"C:\z88dk\lib\config\\..\..\/include/fcntl.h"
C:\z88dk\lib\config\\..\..\/include/fcntl.h:
                                	C_LINE	34,"C:\z88dk\lib\config\\..\..\/include/fcntl.h"
    34                          	C_LINE	36,"C:\z88dk\lib\config\\..\..\/include/fcntl.h"
    36                          	C_LINE	37,"C:\z88dk\lib\config\\..\..\/include/fcntl.h"
    37                          	C_LINE	39,"C:\z88dk\lib\config\\..\..\/include/fcntl.h"
    39                          	C_LINE	41,"C:\z88dk\lib\config\\..\..\/include/fcntl.h"
    41                          	C_LINE	42,"C:\z88dk\lib\config\\..\..\/include/fcntl.h"
    42                          	C_LINE	45,"C:\z88dk\lib\config\\..\..\/include/fcntl.h"
    45                          	C_LINE	50,"C:\z88dk\lib\config\\..\..\/include/fcntl.h"
    50                          	C_LINE	51,"C:\z88dk\lib\config\\..\..\/include/fcntl.h"
    51                          	C_LINE	53,"C:\z88dk\lib\config\\..\..\/include/fcntl.h"
    53                          	C_LINE	59,"C:\z88dk\lib\config\\..\..\/include/fcntl.h"
    59                          	C_LINE	60,"C:\z88dk\lib\config\\..\..\/include/fcntl.h"
    60                          	C_LINE	61,"C:\z88dk\lib\config\\..\..\/include/fcntl.h"
    61                          	C_LINE	64,"C:\z88dk\lib\config\\..\..\/include/fcntl.h"
    64                          	C_LINE	83,"C:\z88dk\lib\config\\..\..\/include/fcntl.h"
    83                          	C_LINE	92,"C:\z88dk\lib\config\\..\..\/include/fcntl.h"
    92                          	C_LINE	105,"C:\z88dk\lib\config\\..\..\/include/fcntl.h"
   105                          	C_LINE	106,"C:\z88dk\lib\config\\..\..\/include/fcntl.h"
   106                          	C_LINE	108,"C:\z88dk\lib\config\\..\..\/include/fcntl.h"
   108                          	C_LINE	110,"C:\z88dk\lib\config\\..\..\/include/fcntl.h"
   110                          	C_LINE	78,"C:\z88dk\lib\config\\..\..\/include/stdio.h"
C:\z88dk\lib\config\\..\..\/include/stdio.h:
    78                          	C_LINE	91,"C:\z88dk\lib\config\\..\..\/include/stdio.h"
    91                          	C_LINE	141,"C:\z88dk\lib\config\\..\..\/include/stdio.h"
   141                          	C_LINE	160,"C:\z88dk\lib\config\\..\..\/include/stdio.h"
   160                          	C_LINE	165,"C:\z88dk\lib\config\\..\..\/include/stdio.h"
   165                          	C_LINE	166,"C:\z88dk\lib\config\\..\..\/include/stdio.h"
   166                          	C_LINE	175,"C:\z88dk\lib\config\\..\..\/include/stdio.h"
   175                          	C_LINE	178,"C:\z88dk\lib\config\\..\..\/include/stdio.h"
   178                          	C_LINE	182,"C:\z88dk\lib\config\\..\..\/include/stdio.h"
   182                          	C_LINE	183,"C:\z88dk\lib\config\\..\..\/include/stdio.h"
   183                          	C_LINE	184,"C:\z88dk\lib\config\\..\..\/include/stdio.h"
   184                          	C_LINE	186,"C:\z88dk\lib\config\\..\..\/include/stdio.h"
   186                          	C_LINE	187,"C:\z88dk\lib\config\\..\..\/include/stdio.h"
   187                          	C_LINE	191,"C:\z88dk\lib\config\\..\..\/include/stdio.h"
   191                          	C_LINE	196,"C:\z88dk\lib\config\\..\..\/include/stdio.h"
   196                          	C_LINE	197,"C:\z88dk\lib\config\\..\..\/include/stdio.h"
   197                          	C_LINE	199,"C:\z88dk\lib\config\\..\..\/include/stdio.h"
   199                          	C_LINE	206,"C:\z88dk\lib\config\\..\..\/include/stdio.h"
   206                          	C_LINE	208,"C:\z88dk\lib\config\\..\..\/include/stdio.h"
   208                          	C_LINE	210,"C:\z88dk\lib\config\\..\..\/include/stdio.h"
   210                          	C_LINE	216,"C:\z88dk\lib\config\\..\..\/include/stdio.h"
   216                          	C_LINE	218,"C:\z88dk\lib\config\\..\..\/include/stdio.h"
   218                          	C_LINE	228,"C:\z88dk\lib\config\\..\..\/include/stdio.h"
   228                          	C_LINE	231,"C:\z88dk\lib\config\\..\..\/include/stdio.h"
   231                          	C_LINE	233,"C:\z88dk\lib\config\\..\..\/include/stdio.h"
   233                          	C_LINE	235,"C:\z88dk\lib\config\\..\..\/include/stdio.h"
   235                          	C_LINE	240,"C:\z88dk\lib\config\\..\..\/include/stdio.h"
   240                          	C_LINE	242,"C:\z88dk\lib\config\\..\..\/include/stdio.h"
   242                          	C_LINE	246,"C:\z88dk\lib\config\\..\..\/include/stdio.h"
   246                          	C_LINE	255,"C:\z88dk\lib\config\\..\..\/include/stdio.h"
   255                          	C_LINE	256,"C:\z88dk\lib\config\\..\..\/include/stdio.h"
   256                          	C_LINE	260,"C:\z88dk\lib\config\\..\..\/include/stdio.h"
   260                          	C_LINE	269,"C:\z88dk\lib\config\\..\..\/include/stdio.h"
   269                          	C_LINE	270,"C:\z88dk\lib\config\\..\..\/include/stdio.h"
   270                          	C_LINE	273,"C:\z88dk\lib\config\\..\..\/include/stdio.h"
   273                          	C_LINE	275,"C:\z88dk\lib\config\\..\..\/include/stdio.h"
   275                          	C_LINE	276,"C:\z88dk\lib\config\\..\..\/include/stdio.h"
   276                          	C_LINE	277,"C:\z88dk\lib\config\\..\..\/include/stdio.h"
   277                          	C_LINE	278,"C:\z88dk\lib\config\\..\..\/include/stdio.h"
   278                          	C_LINE	279,"C:\z88dk\lib\config\\..\..\/include/stdio.h"
   279                          	C_LINE	280,"C:\z88dk\lib\config\\..\..\/include/stdio.h"
   280                          	C_LINE	286,"C:\z88dk\lib\config\\..\..\/include/stdio.h"
   286                          	C_LINE	293,"C:\z88dk\lib\config\\..\..\/include/stdio.h"
   293                          	C_LINE	294,"C:\z88dk\lib\config\\..\..\/include/stdio.h"
   294                          	C_LINE	295,"C:\z88dk\lib\config\\..\..\/include/stdio.h"
   295                          	C_LINE	296,"C:\z88dk\lib\config\\..\..\/include/stdio.h"
   296                          	C_LINE	297,"C:\z88dk\lib\config\\..\..\/include/stdio.h"
   297                          	C_LINE	307,"C:\z88dk\lib\config\\..\..\/include/stdio.h"
   307                          	C_LINE	312,"C:\z88dk\lib\config\\..\..\/include/stdio.h"
   312                          	C_LINE	317,"C:\z88dk\lib\config\\..\..\/include/stdio.h"
   317                          	C_LINE	320,"C:\z88dk\lib\config\\..\..\/include/stdio.h"
   320                          	C_LINE	323,"C:\z88dk\lib\config\\..\..\/include/stdio.h"
   323                          	C_LINE	326,"C:\z88dk\lib\config\\..\..\/include/stdio.h"
   326                          	C_LINE	328,"C:\z88dk\lib\config\\..\..\/include/stdio.h"
   328                          	C_LINE	331,"C:\z88dk\lib\config\\..\..\/include/stdio.h"
   331                          	C_LINE	333,"C:\z88dk\lib\config\\..\..\/include/stdio.h"
   333                          	C_LINE	334,"C:\z88dk\lib\config\\..\..\/include/stdio.h"
   334                          	C_LINE	336,"C:\z88dk\lib\config\\..\..\/include/stdio.h"
   336                          	C_LINE	338,"C:\z88dk\lib\config\\..\..\/include/stdio.h"
   338                          	C_LINE	342,"C:\z88dk\lib\config\\..\..\/include/stdio.h"
   342                          	C_LINE	344,"C:\z88dk\lib\config\\..\..\/include/stdio.h"
   344                          	C_LINE	348,"C:\z88dk\lib\config\\..\..\/include/stdio.h"
   348                          	C_LINE	351,"C:\z88dk\lib\config\\..\..\/include/stdio.h"
   351                          	C_LINE	360,"C:\z88dk\lib\config\\..\..\/include/stdio.h"
   360                          	C_LINE	362,"C:\z88dk\lib\config\\..\..\/include/stdio.h"
   362                          	C_LINE	365,"C:\z88dk\lib\config\\..\..\/include/stdio.h"
   365                          	C_LINE	367,"C:\z88dk\lib\config\\..\..\/include/stdio.h"
   367                          	C_LINE	369,"C:\z88dk\lib\config\\..\..\/include/stdio.h"
   369                          	C_LINE	1,"main.c"
main.c:
     1                          	C_LINE	0,"C:\z88dk\lib\config\\..\..\/include/stdlib.h"
C:\z88dk\lib\config\\..\..\/include/stdlib.h:
                                	C_LINE	27,"C:\z88dk\lib\config\\..\..\/include/stdlib.h"
    27                          	C_LINE	29,"C:\z88dk\lib\config\\..\..\/include/stdlib.h"
    29                          	C_LINE	33,"C:\z88dk\lib\config\\..\..\/include/stdlib.h"
    33                          	C_LINE	35,"C:\z88dk\lib\config\\..\..\/include/stdlib.h"
    35                          	C_LINE	39,"C:\z88dk\lib\config\\..\..\/include/stdlib.h"
    39                          	C_LINE	41,"C:\z88dk\lib\config\\..\..\/include/stdlib.h"
    41                          	C_LINE	45,"C:\z88dk\lib\config\\..\..\/include/stdlib.h"
    45                          	C_LINE	47,"C:\z88dk\lib\config\\..\..\/include/stdlib.h"
    47                          	C_LINE	51,"C:\z88dk\lib\config\\..\..\/include/stdlib.h"
    51                          	C_LINE	53,"C:\z88dk\lib\config\\..\..\/include/stdlib.h"
    53                          	C_LINE	57,"C:\z88dk\lib\config\\..\..\/include/stdlib.h"
    57                          	C_LINE	59,"C:\z88dk\lib\config\\..\..\/include/stdlib.h"
    59                          	C_LINE	63,"C:\z88dk\lib\config\\..\..\/include/stdlib.h"
    63                          	C_LINE	65,"C:\z88dk\lib\config\\..\..\/include/stdlib.h"
    65                          	C_LINE	69,"C:\z88dk\lib\config\\..\..\/include/stdlib.h"
    69                          	C_LINE	71,"C:\z88dk\lib\config\\..\..\/include/stdlib.h"
    71                          	C_LINE	79,"C:\z88dk\lib\config\\..\..\/include/stdlib.h"
    79                          	C_LINE	81,"C:\z88dk\lib\config\\..\..\/include/stdlib.h"
    81                          	C_LINE	86,"C:\z88dk\lib\config\\..\..\/include/stdlib.h"
    86                          	C_LINE	88,"C:\z88dk\lib\config\\..\..\/include/stdlib.h"
    88                          	C_LINE	93,"C:\z88dk\lib\config\\..\..\/include/stdlib.h"
    93                          	C_LINE	95,"C:\z88dk\lib\config\\..\..\/include/stdlib.h"
    95                          	C_LINE	100,"C:\z88dk\lib\config\\..\..\/include/stdlib.h"
   100                          	C_LINE	102,"C:\z88dk\lib\config\\..\..\/include/stdlib.h"
   102                          	C_LINE	107,"C:\z88dk\lib\config\\..\..\/include/stdlib.h"
   107                          	C_LINE	109,"C:\z88dk\lib\config\\..\..\/include/stdlib.h"
   109                          	C_LINE	119,"C:\z88dk\lib\config\\..\..\/include/stdlib.h"
   119                          	C_LINE	120,"C:\z88dk\lib\config\\..\..\/include/stdlib.h"
   120                          	C_LINE	122,"C:\z88dk\lib\config\\..\..\/include/stdlib.h"
   122                          	C_LINE	0,"C:\z88dk\lib\config\\..\..\/include/malloc.h"
C:\z88dk\lib\config\\..\..\/include/malloc.h:
                                	C_LINE	69,"C:\z88dk\lib\config\\..\..\/include/malloc.h"
    69                          	C_LINE	70,"C:\z88dk\lib\config\\..\..\/include/malloc.h"
    70                          	C_LINE	71,"C:\z88dk\lib\config\\..\..\/include/malloc.h"
    71                          	C_LINE	72,"C:\z88dk\lib\config\\..\..\/include/malloc.h"
    72                          	C_LINE	73,"C:\z88dk\lib\config\\..\..\/include/malloc.h"
    73                          	C_LINE	74,"C:\z88dk\lib\config\\..\..\/include/malloc.h"
    74                          	C_LINE	75,"C:\z88dk\lib\config\\..\..\/include/malloc.h"
    75                          	C_LINE	80,"C:\z88dk\lib\config\\..\..\/include/malloc.h"
    80                          	C_LINE	81,"C:\z88dk\lib\config\\..\..\/include/malloc.h"
    81                          	C_LINE	82,"C:\z88dk\lib\config\\..\..\/include/malloc.h"
    82                          	C_LINE	83,"C:\z88dk\lib\config\\..\..\/include/malloc.h"
    83                          	C_LINE	84,"C:\z88dk\lib\config\\..\..\/include/malloc.h"
    84                          	C_LINE	85,"C:\z88dk\lib\config\\..\..\/include/malloc.h"
    85                          	C_LINE	140,"C:\z88dk\lib\config\\..\..\/include/malloc.h"
   140                          	C_LINE	141,"C:\z88dk\lib\config\\..\..\/include/malloc.h"
   141                          	C_LINE	142,"C:\z88dk\lib\config\\..\..\/include/malloc.h"
   142                          	C_LINE	143,"C:\z88dk\lib\config\\..\..\/include/malloc.h"
   143                          	C_LINE	144,"C:\z88dk\lib\config\\..\..\/include/malloc.h"
   144                          	C_LINE	145,"C:\z88dk\lib\config\\..\..\/include/malloc.h"
   145                          	C_LINE	146,"C:\z88dk\lib\config\\..\..\/include/malloc.h"
   146                          	C_LINE	147,"C:\z88dk\lib\config\\..\..\/include/malloc.h"
   147                          	C_LINE	148,"C:\z88dk\lib\config\\..\..\/include/malloc.h"
   148                          	C_LINE	149,"C:\z88dk\lib\config\\..\..\/include/malloc.h"
   149                          	C_LINE	150,"C:\z88dk\lib\config\\..\..\/include/malloc.h"
   150                          	C_LINE	151,"C:\z88dk\lib\config\\..\..\/include/malloc.h"
   151                          	C_LINE	152,"C:\z88dk\lib\config\\..\..\/include/malloc.h"
   152                          	C_LINE	138,"C:\z88dk\lib\config\\..\..\/include/stdlib.h"
C:\z88dk\lib\config\\..\..\/include/stdlib.h:
   138                          	C_LINE	151,"C:\z88dk\lib\config\\..\..\/include/stdlib.h"
   151                          	C_LINE	152,"C:\z88dk\lib\config\\..\..\/include/stdlib.h"
   152                          	C_LINE	155,"C:\z88dk\lib\config\\..\..\/include/stdlib.h"
   155                          	C_LINE	156,"C:\z88dk\lib\config\\..\..\/include/stdlib.h"
   156                          	C_LINE	164,"C:\z88dk\lib\config\\..\..\/include/stdlib.h"
   164                          	C_LINE	165,"C:\z88dk\lib\config\\..\..\/include/stdlib.h"
   165                          	C_LINE	166,"C:\z88dk\lib\config\\..\..\/include/stdlib.h"
   166                          	C_LINE	167,"C:\z88dk\lib\config\\..\..\/include/stdlib.h"
   167                          	C_LINE	171,"C:\z88dk\lib\config\\..\..\/include/stdlib.h"
   171                          	C_LINE	174,"C:\z88dk\lib\config\\..\..\/include/stdlib.h"
   174                          	C_LINE	175,"C:\z88dk\lib\config\\..\..\/include/stdlib.h"
   175                          	C_LINE	176,"C:\z88dk\lib\config\\..\..\/include/stdlib.h"
   176                          	C_LINE	177,"C:\z88dk\lib\config\\..\..\/include/stdlib.h"
   177                          	C_LINE	178,"C:\z88dk\lib\config\\..\..\/include/stdlib.h"
   178                          	C_LINE	190,"C:\z88dk\lib\config\\..\..\/include/stdlib.h"
   190                          	C_LINE	191,"C:\z88dk\lib\config\\..\..\/include/stdlib.h"
   191                          	C_LINE	192,"C:\z88dk\lib\config\\..\..\/include/stdlib.h"
   192                          	C_LINE	193,"C:\z88dk\lib\config\\..\..\/include/stdlib.h"
   193                          	C_LINE	197,"C:\z88dk\lib\config\\..\..\/include/stdlib.h"
   197                          	C_LINE	198,"C:\z88dk\lib\config\\..\..\/include/stdlib.h"
   198                          	C_LINE	200,"C:\z88dk\lib\config\\..\..\/include/stdlib.h"
   200                          	C_LINE	201,"C:\z88dk\lib\config\\..\..\/include/stdlib.h"
   201                          	C_LINE	226,"C:\z88dk\lib\config\\..\..\/include/stdlib.h"
   226                          	C_LINE	234,"C:\z88dk\lib\config\\..\..\/include/stdlib.h"
   234                          	C_LINE	242,"C:\z88dk\lib\config\\..\..\/include/stdlib.h"
   242                          	C_LINE	250,"C:\z88dk\lib\config\\..\..\/include/stdlib.h"
   250                          	C_LINE	258,"C:\z88dk\lib\config\\..\..\/include/stdlib.h"
   258                          	C_LINE	260,"C:\z88dk\lib\config\\..\..\/include/stdlib.h"
   260                          	C_LINE	265,"C:\z88dk\lib\config\\..\..\/include/stdlib.h"
   265                          	C_LINE	267,"C:\z88dk\lib\config\\..\..\/include/stdlib.h"
   267                          	C_LINE	272,"C:\z88dk\lib\config\\..\..\/include/stdlib.h"
   272                          	C_LINE	274,"C:\z88dk\lib\config\\..\..\/include/stdlib.h"
   274                          	C_LINE	279,"C:\z88dk\lib\config\\..\..\/include/stdlib.h"
   279                          	C_LINE	281,"C:\z88dk\lib\config\\..\..\/include/stdlib.h"
   281                          	C_LINE	291,"C:\z88dk\lib\config\\..\..\/include/stdlib.h"
   291                          	C_LINE	293,"C:\z88dk\lib\config\\..\..\/include/stdlib.h"
   293                          	C_LINE	297,"C:\z88dk\lib\config\\..\..\/include/stdlib.h"
   297                          	C_LINE	299,"C:\z88dk\lib\config\\..\..\/include/stdlib.h"
   299                          	C_LINE	304,"C:\z88dk\lib\config\\..\..\/include/stdlib.h"
   304                          	C_LINE	306,"C:\z88dk\lib\config\\..\..\/include/stdlib.h"
   306                          	C_LINE	323,"C:\z88dk\lib\config\\..\..\/include/stdlib.h"
   323                          	C_LINE	325,"C:\z88dk\lib\config\\..\..\/include/stdlib.h"
   325                          	C_LINE	329,"C:\z88dk\lib\config\\..\..\/include/stdlib.h"
   329                          	C_LINE	331,"C:\z88dk\lib\config\\..\..\/include/stdlib.h"
   331                          	C_LINE	344,"C:\z88dk\lib\config\\..\..\/include/stdlib.h"
   344                          	C_LINE	348,"C:\z88dk\lib\config\\..\..\/include/stdlib.h"
   348                          	C_LINE	349,"C:\z88dk\lib\config\\..\..\/include/stdlib.h"
   349                          	C_LINE	352,"C:\z88dk\lib\config\\..\..\/include/stdlib.h"
   352                          	C_LINE	353,"C:\z88dk\lib\config\\..\..\/include/stdlib.h"
   353                          	C_LINE	357,"C:\z88dk\lib\config\\..\..\/include/stdlib.h"
   357                          	C_LINE	359,"C:\z88dk\lib\config\\..\..\/include/stdlib.h"
   359                          	C_LINE	362,"C:\z88dk\lib\config\\..\..\/include/stdlib.h"
   362                          	C_LINE	363,"C:\z88dk\lib\config\\..\..\/include/stdlib.h"
   363                          	C_LINE	378,"C:\z88dk\lib\config\\..\..\/include/stdlib.h"
   378                          	C_LINE	380,"C:\z88dk\lib\config\\..\..\/include/stdlib.h"
   380                          	C_LINE	382,"C:\z88dk\lib\config\\..\..\/include/stdlib.h"
   382                          	C_LINE	386,"C:\z88dk\lib\config\\..\..\/include/stdlib.h"
   386                          	C_LINE	388,"C:\z88dk\lib\config\\..\..\/include/stdlib.h"
   388                          	C_LINE	406,"C:\z88dk\lib\config\\..\..\/include/stdlib.h"
   406                          	C_LINE	408,"C:\z88dk\lib\config\\..\..\/include/stdlib.h"
   408                          	C_LINE	413,"C:\z88dk\lib\config\\..\..\/include/stdlib.h"
   413                          	C_LINE	416,"C:\z88dk\lib\config\\..\..\/include/stdlib.h"
   416                          	C_LINE	2,"main.c"
main.c:
     2                          	C_LINE	5,"main.c"
     5                          	SECTION	code_compiler
     5                          
     5                          ; Function convertToCelsius flags 0x00000200 __smallc
     5                          ; int convertToCelsius(int f)
     5                          ; parameter 'int f' at sp+2 size(2)
     5                          	C_LINE	5,"main.c::convertToCelsius::0::0"
main.c::convertToCelsius::0::0:
     5                          ._convertToCelsius
     5  0000  c1                	pop	bc
     5  0001  e1                	pop	hl
     5  0002  e5                	push	hl
     5  0003  c5                	push	bc
     5  0004  010000            	ld	bc,-32
     5  0007  09                	add	hl,bc
     5  0008  44                	ld	b,h
     5  0009  4d                	ld	c,l
     5  000a  29                	add	hl,hl
     5  000b  29                	add	hl,hl
     5  000c  09                	add	hl,bc
     5  000d  110000            	ld	de,9
     5  0010  eb                	ex	de,hl
     5  0011  cd0000            	call	l_div
     5  0014  c9                	ret
     5                          
     5                          
     5                          	C_LINE	13,"main.c::convertToCelsius::0::1"
main.c::convertToCelsius::0::1:
    13                          
    13                          ; Function main flags 0x00000000 __stdc
    13                          ; int main()
    13                          	C_LINE	13,"main.c::main::0::2"
main.c::main::0::2:
    13                          ._main
    13  0015  210000            	ld	hl,65482	;const
    13  0018  39                	add	hl,sp
    13  0019  f9                	ld	sp,hl
    13  001a  210000            	ld	hl,i_1+0
    13  001d  e5                	push	hl
    13  001e  cd0000            	call	_cprintf
    13  0021  c1                	pop	bc
    13  0022  210000            	ld	hl,14	;const
    13  0025  39                	add	hl,sp
    13  0026  e5                	push	hl
    13  0027  cd0000            	call	gets
    13  002a  c1                	pop	bc
    13  002b  210000            	ld	hl,i_1+20
    13  002e  e5                	push	hl
    13  002f  210000            	ld	hl,16	;const
    13  0032  39                	add	hl,sp
    13  0033  e5                	push	hl
    13  0034  cd0000            	call	_cprintf
    13  0037  c1                	pop	bc
    13  0038  210000            	ld	hl,i_1+35
    13  003b  e3                	ex	(sp),hl
    13  003c  cd0000            	call	_cprintf
    13  003f  c1                	pop	bc
    13  0040  210000            	ld	hl,4	;const
    13  0043  39                	add	hl,sp
    13  0044  e5                	push	hl
    13  0045  cd0000            	call	gets
    13  0048  c1                	pop	bc
    13  0049  210000            	ld	hl,4	;const
    13  004c  39                	add	hl,sp
    13  004d  cd0000            	call	atoi_fastcall
    13  0050  d1                	pop	de
    13  0051  c1                	pop	bc
    13  0052  e5                	push	hl
    13  0053  d5                	push	de
    13  0054  e5                	push	hl
    13  0055  cd0000            	call	_convertToCelsius
    13  0058  c1                	pop	bc
    13  0059  c1                	pop	bc
    13  005a  e5                	push	hl
    13  005b  210000            	ld	hl,i_1+22
    13  005e  e5                	push	hl
    13  005f  210000            	ld	hl,16	;const
    13  0062  39                	add	hl,sp
    13  0063  e5                	push	hl
    13  0064  cd0000            	call	_cprintf
    13  0067  c1                	pop	bc
    13  0068  c1                	pop	bc
    13  0069  213c00            	ld	hl,i_1+60
    13  006c  e5                	push	hl
    13  006d  210400            	ld	hl,4	;const
    13  0070  cd0000            	call	l_gintspsp	;
    13  0073  cd0000            	call	l_gint4sp	;
    13  0076  e5                	push	hl
    13  0077  cd0000            	call	_cprintf
    13  007a  c1                	pop	bc
    13  007b  c1                	pop	bc
    13  007c  214a00            	ld	hl,i_1+74
    13  007f  e3                	ex	(sp),hl
    13  0080  cd0000            	call	_cprintf
    13  0083  c1                	pop	bc
    13  0084  213600            	ld	hl,54	;const
    13  0087  39                	add	hl,sp
    13  0088  f9                	ld	sp,hl
    13  0089  210000            	ld	hl,0	;const
    13  008c  c9                	ret
    13                          
    13                          
    13                          	SECTION	bss_compiler
    13                          	SECTION	code_compiler
    13                          ; --- Start of Optimiser additions ---
    13                          
    13                          	SECTION	rodata_compiler
    13                          .i_1
    13  0000  5768617420e0ff20  	defm	"What is your name? "
              796f7572206e0900  
              653f00            
    13  0013  00                	defb	0
    13                          
    13                          	defm	""
    13  0014  0d                	defb	13
    13                          
    13                          	defm	""
    13  0015  0a                	defb	10
    13                          
    13  0016  caff6c6c6f000025  	defm	"Hello, %s!"
              7300              
    13  0020  0d                	defb	13
    13                          
    13                          	defm	""
    13  0021  0a                	defb	10
    13                          
    13                          	defm	""
    13  0022  00                	defb	0
    13                          
    13  0023  0e00746572000065  	defm	"Enter temperature in F: "
              6d14007261100072  
              6520000020462300  
    13  003b  00                	defb	0
    13                          
    13  003c  2500004620040025  	defm	"%d F = %d C"
              642000            
    13  0047  0d                	defb	13
    13                          
    13                          	defm	""
    13  0048  0a                	defb	10
    13                          
    13                          	defm	""
    13  0049  00                	defb	0
    13                          
    13  004a  040065730000616e  	defm	"Press any key to exit."
              79206b650000746f  
              20651600742e      
    13  0060  0d                	defb	13
    13                          
    13                          	defm	""
    13  0061  0a                	defb	10
    13                          
    13                          	defm	""
    13  0062  00                	defb	0
    13                          
    13                          
    13                          ; --- Start of Static Variables ---
    13                          
    13                          	SECTION	bss_compiler
    13                          	SECTION	code_compiler
    13                          
    13                          
    13                          ; --- Start of Scope Defns ---
    13                          
    13                          	GLOBAL	open
    13                          	GLOBAL	creat
    13                          	GLOBAL	close
    13                          	GLOBAL	read
    13                          	GLOBAL	write
    13                          	GLOBAL	lseek
    13                          	GLOBAL	readbyte
    13                          	GLOBAL	writebyte
    13                          	GLOBAL	fsync
    13                          	GLOBAL	getcwd
    13                          	GLOBAL	chdir
    13                          	GLOBAL	getwd
    13                          	GLOBAL	rmdir
    13                          	GLOBAL	__RND_BLOCKSIZE
    13                          	GLOBAL	rnd_loadblock
    13                          	GLOBAL	rnd_saveblock
    13                          	GLOBAL	rnd_erase
    13                          	GLOBAL	rnd_erase_fastcall
    13                          	GLOBAL	__FOPEN_MAX
    13                          	GLOBAL	__sgoioblk
    13                          	GLOBAL	__sgoioblk_end
    13                          	GLOBAL	fopen_zsock
    13                          	GLOBAL	fileno
    13                          	GLOBAL	fopen
    13                          	GLOBAL	freopen
    13                          	GLOBAL	fdopen
    13                          	GLOBAL	_freopen1
    13                          	GLOBAL	fmemopen
    13                          	GLOBAL	funopen
    13                          	GLOBAL	fclose
    13                          	GLOBAL	fflush
    13                          	GLOBAL	closeall
    13                          	GLOBAL	fgets
    13                          	GLOBAL	fputs
    13                          	GLOBAL	fputs_callee
    13                          	GLOBAL	fputc
    13                          	GLOBAL	fputc_callee
    13                          	GLOBAL	fgetc
    13                          	GLOBAL	ungetc
    13                          	GLOBAL	feof
    13                          	GLOBAL	feof_fastcall
    13                          	GLOBAL	ferror
    13                          	GLOBAL	ferror_fastcall
    13                          	GLOBAL	puts
    13                          	GLOBAL	ftell
    13                          	GLOBAL	fgetpos
    13                          	GLOBAL	fseek
    13                          	GLOBAL	fread
    13                          	GLOBAL	fwrite
    13                          	GLOBAL	gets
    13                          	GLOBAL	printf
    13                          	GLOBAL	fprintf
    13                          	GLOBAL	sprintf
    13                          	GLOBAL	snprintf
    13                          	GLOBAL	vfprintf
    13                          	GLOBAL	vsnprintf
    13                          	GLOBAL	printn
    13                          	GLOBAL	scanf
    13                          	GLOBAL	fscanf
    13                          	GLOBAL	sscanf
    13                          	GLOBAL	vfscanf
    13                          	GLOBAL	vsscanf
    13                          	GLOBAL	getarg
    13                          	GLOBAL	fchkstd
    13                          	GLOBAL	fgetc_cons
    13                          	GLOBAL	fgetc_cons_inkey
    13                          	GLOBAL	fputc_cons
    13                          	GLOBAL	fgets_cons
    13                          	GLOBAL	puts_cons
    13                          	GLOBAL	fabandon
    13                          	GLOBAL	fdtell
    13                          	GLOBAL	fdgetpos
    13                          	GLOBAL	rename
    13                          	GLOBAL	remove
    13                          	GLOBAL	getk
    13                          	GLOBAL	getk_inkey
    13                          	GLOBAL	printk
    13                          	GLOBAL	perror
    13                          	GLOBAL	set_fputc_cons
    13                          	GLOBAL	fputc_cons_native
    13                          	GLOBAL	fputc_cons_generic
    13                          	GLOBAL	fputc_cons_ansi
    13                          	GLOBAL	atoi
    13                          	GLOBAL	atoi_fastcall
    13                          	GLOBAL	atol
    13                          	GLOBAL	atol_fastcall
    13                          	GLOBAL	itoa
    13                          	GLOBAL	itoa_callee
    13                          	GLOBAL	ltoa
    13                          	GLOBAL	ltoa_callee
    13                          	GLOBAL	strtol
    13                          	GLOBAL	strtol_callee
    13                          	GLOBAL	strtoul
    13                          	GLOBAL	strtoul_callee
    13                          	GLOBAL	ultoa
    13                          	GLOBAL	ultoa_callee
    13                          	GLOBAL	utoa
    13                          	GLOBAL	utoa_callee
    13                          	GLOBAL	_atoll
    13                          	GLOBAL	_atoll_callee
    13                          	GLOBAL	_lltoa
    13                          	GLOBAL	_lltoa_callee
    13                          	GLOBAL	_strtoll
    13                          	GLOBAL	_strtoll_callee
    13                          	GLOBAL	_strtoull
    13                          	GLOBAL	_strtoull_callee
    13                          	GLOBAL	_ulltoa
    13                          	GLOBAL	_ulltoa_callee
    13                          	GLOBAL	rand
    13                          	GLOBAL	srand
    13                          	GLOBAL	srand_fastcall
    13                          	GLOBAL	mallinit
    13                          	GLOBAL	sbrk
    13                          	GLOBAL	calloc
    13                          	GLOBAL	free
    13                          	GLOBAL	malloc
    13                          	GLOBAL	realloc
    13                          	GLOBAL	mallinfo
    13                          	GLOBAL	malloc_fastcall
    13                          	GLOBAL	free_fastcall
    13                          	GLOBAL	sbrk_callee
    13                          	GLOBAL	calloc_callee
    13                          	GLOBAL	realloc_callee
    13                          	GLOBAL	mallinfo_callee
    13                          	GLOBAL	HeapCreate
    13                          	GLOBAL	HeapSbrk
    13                          	GLOBAL	HeapSbrk_callee
    13                          	GLOBAL	HeapCalloc
    13                          	GLOBAL	HeapCalloc_callee
    13                          	GLOBAL	HeapFree
    13                          	GLOBAL	HeapFree_callee
    13                          	GLOBAL	HeapAlloc
    13                          	GLOBAL	HeapAlloc_callee
    13                          	GLOBAL	HeapRealloc
    13                          	GLOBAL	HeapRealloc_callee
    13                          	GLOBAL	HeapInfo
    13                          	GLOBAL	HeapInfo_callee
    13                          	GLOBAL	exit
    13                          	GLOBAL	atexit
    13                          	GLOBAL	exit_fastcall
    13                          	GLOBAL	atexit_fastcall
    13                          	GLOBAL	getenv
    13                          	GLOBAL	getenv_r
    13                          	GLOBAL	setenv
    13                          	GLOBAL	unsetenv
    13                          	GLOBAL	getopt
    13                          	GLOBAL	_optarg
    13                          	GLOBAL	_opterr
    13                          	GLOBAL	_optind
    13                          	GLOBAL	_optopt
    13                          	GLOBAL	_optreset
    13                          	GLOBAL	l_bsearch
    13                          	GLOBAL	l_bsearch_callee
    13                          	GLOBAL	l_qsort
    13                          	GLOBAL	l_qsort_callee
    13                          	GLOBAL	qsort_sccz80
    13                          	GLOBAL	qsort_sccz80_callee
    13                          	GLOBAL	qsort_sdcc
    13                          	GLOBAL	qsort_sdcc_callee
    13                          	GLOBAL	_div_
    13                          	GLOBAL	_div__callee
    13                          	GLOBAL	_divu_
    13                          	GLOBAL	_divu__callee
    13                          	GLOBAL	_ldiv_
    13                          	GLOBAL	_ldiv__callee
    13                          	GLOBAL	_ldivu_
    13                          	GLOBAL	_ldivu__callee
    13                          	GLOBAL	abs
    13                          	GLOBAL	abs_fastcall
    13                          	GLOBAL	labs
    13                          	GLOBAL	labs_fastcall
    13                          	GLOBAL	isqrt
    13                          	GLOBAL	isqrt_fastcall
    13                          	GLOBAL	inp
    13                          	GLOBAL	inp_fastcall
    13                          	GLOBAL	outp
    13                          	GLOBAL	outp_callee
    13                          	GLOBAL	swapendian
    13                          	GLOBAL	bpoke
    13                          	GLOBAL	wpoke
    13                          	GLOBAL	bpeek
    13                          	GLOBAL	wpeek
    13                          	GLOBAL	bpeek_fastcall
    13                          	GLOBAL	wpeek_fastcall
    13                          	GLOBAL	bpoke_callee
    13                          	GLOBAL	wpoke_callee
    13                          	GLOBAL	t_delay
    13                          	GLOBAL	sleep
    13                          	GLOBAL	sleep_fastcall
    13                          	GLOBAL	msleep
    13                          	GLOBAL	msleep_fastcall
    13                          	GLOBAL	extract_bits
    13                          	GLOBAL	extract_bits_callee
    13                          	GLOBAL	wcmatch
    13                          	GLOBAL	unbcd
    13                          	GLOBAL	_convertToCelsius
    13                          	GLOBAL	_main
    13                          	GLOBAL	_cprintf
    13                          
    13                          
    13                          ; --- End of Scope Defns ---
    13                          
    13                          
    13                          ; --- End of Compilation ---
    13                          
